[debug] > Exec(early(addDefaultCommands), None, None)
[debug] > Exec(addDefaultCommands, None, None)
[debug] > Exec(early(initialize), None, None)
[debug] > Exec(initialize, None, None)
[debug] > Exec(early(addPluginSbtFile="""C:\Users\Peter\AppData\Local\Temp\idea.sbt"""), None, None)
[debug] > Exec(addPluginSbtFile="""C:\Users\Peter\AppData\Local\Temp\idea.sbt""", None, None)
[debug] > Exec(boot, None, None)
[debug] > Exec(writeSbtVersion, None, None)
[debug] > Exec(reload, None, None)
[debug] > Exec(sbtStashOnFailure, None, None)
[debug] > Exec(onFailure loadFailed, None, None)
[debug] > Exec(loadp, None, None)
[info] welcome to sbt 1.10.5 (Oracle Corporation Java 22.0.2)
[debug] Load.defaultLoad until apply took 108.682ms
[debug]           Load.loadUnit: plugins took 84.7219ms
[debug]           Load.loadUnit: defsScala took 0.3832ms
[debug] [Loading] Scanning directory C:\Users\Peter\OneDrive - GLASGOW CALEDONIAN UNIVERSITY\24-25\Programming Paradigms\CW1\CW1\project
[debug]             Load.loadUnit: mkEval took 6.8035ms
[debug] [Loading] Found non-root projects 
[debug] [Loading] Done in C:\Users\Peter\OneDrive - GLASGOW CALEDONIAN UNIVERSITY\24-25\Programming Paradigms\CW1\CW1\project, returning: ()
[debug] deducing auto plugins based on known facts Set(Atom(sbt.plugins.CorePlugin)) and clauses Clauses(Clause(Atom(sbt.plugins.JvmPlugin),Set(Atom(sbt.plugins.IvyPlugin)))
[debug] Clause(Atom(sbt.ScriptedPlugin),Set(Atom(sbt.plugins.JvmPlugin)))
[debug] Clause(Atom(sbt.plugins.SbtPlugin),Set(Atom(sbt.ScriptedPlugin)))
[debug] Clause(Atom(sbt.plugins.SemanticdbPlugin),Set(Atom(sbt.plugins.JvmPlugin)))
[debug] Clause(Atom(sbt.plugins.JUnitXmlReportPlugin),Set(Atom(sbt.plugins.JvmPlugin)))
[debug] Clause(Atom(sbt.plugins.MiniDependencyTreePlugin),Set(Atom(sbt.plugins.JvmPlugin)))
[debug] Clause(Atom(sbt.plugins.CorePlugin),Set(Atom(sbt.plugins.IvyPlugin)))
[debug] Clause(Atom(sbt.plugins.IvyPlugin),Set(Atom(sbt.plugins.JvmPlugin)))
[debug] Clause(Atom(sbt.plugins.JvmPlugin),Set(Atom(sbt.plugins.SemanticdbPlugin)))
[debug] Clause(Atom(sbt.plugins.JvmPlugin),Set(Atom(sbt.plugins.JUnitXmlReportPlugin)))
[debug] Clause(Atom(sbt.plugins.CorePlugin),Set(Atom(sbt.plugins.Giter8TemplatePlugin)))
[debug] Clause(Atom(sbt.plugins.JvmPlugin),Set(Atom(sbt.plugins.MiniDependencyTreePlugin))))
[debug]   :: deduced result: Matched(sbt.plugins.CorePlugin,sbt.plugins.Giter8TemplatePlugin,sbt.plugins.IvyPlugin,sbt.plugins.JvmPlugin,sbt.plugins.MiniDependencyTreePlugin,sbt.plugins.JUnitXmlReportPlugin,sbt.plugins.SemanticdbPlugin)
[debug] Plugins.deducer#function took 12.8924 ms
[info] loading settings for project cw1-build from idea.sbt ...
[debug]               Load.resolveProject(cw1-build) took 38.6273ms
[debug]             Load.loadTransitive: finalizeProject(Project(id cw1-build, base: C:\Users\Peter\OneDrive - GLASGOW CALEDONIAN UNIVERSITY\24-25\Programming Paradigms\CW1\CW1\project, plugins: List(<none>))) took 70.2906ms
[debug] [Loading] Done in C:\Users\Peter\OneDrive - GLASGOW CALEDONIAN UNIVERSITY\24-25\Programming Paradigms\CW1\CW1\project, returning: (cw1-build)
[debug]           Load.loadUnit: loadedProjectsRaw took 381.334ms
[debug]           Load.loadUnit: cleanEvalClasses took 9.7417ms
[debug]         Load.loadUnit(file:/C:/Users/Peter/OneDrive%20-%20GLASGOW%20CALEDONIAN%20UNIVERSITY/24-25/Programming%20Paradigms/CW1/CW1/project/, ...) took 482.013ms
[debug]       Load.apply: load took 611.5693ms
[debug]       Load.apply: resolveProjects took 5.0719ms
[debug]       Load.apply: finalTransforms took 54.4589ms
[debug]       Load.apply: config.delegates took 6.9738ms
[debug]       Load.apply: Def.make(settings)... took 377.6856ms
[debug]       Load.apply: structureIndex took 120.8655ms
[debug]       Load.apply: mkStreams took 1.3425ms
[info] loading project definition from C:\Users\Peter\OneDrive - GLASGOW CALEDONIAN UNIVERSITY\24-25\Programming Paradigms\CW1\CW1\project
[debug] Running task... Cancel: Signal, check cycles: false, forcegc: true
[debug]     Load.loadUnit: plugins took 2801.2808ms
[debug]     Load.loadUnit: defsScala took 0.0028ms
[debug] [Loading] Scanning directory C:\Users\Peter\OneDrive - GLASGOW CALEDONIAN UNIVERSITY\24-25\Programming Paradigms\CW1\CW1
[debug]       Load.loadUnit: mkEval took 0.3258ms
[debug] [Loading] Found root project root w/ remaining 
[debug] deducing auto plugins based on known facts Set(Atom(sbt.plugins.CorePlugin)) and clauses Clauses(Clause(Atom(sbt.plugins.JvmPlugin),Set(Atom(sbt.plugins.IvyPlugin)))
[debug] Clause(Atom(sbt.ScriptedPlugin),Set(Atom(sbt.plugins.JvmPlugin)))
[debug] Clause(Atom(sbt.plugins.SbtPlugin),Set(Atom(sbt.ScriptedPlugin)))
[debug] Clause(Atom(sbt.plugins.SemanticdbPlugin),Set(Atom(sbt.plugins.JvmPlugin)))
[debug] Clause(Atom(sbt.plugins.JUnitXmlReportPlugin),Set(Atom(sbt.plugins.JvmPlugin)))
[debug] Clause(Atom(sbt.plugins.MiniDependencyTreePlugin),Set(Atom(sbt.plugins.JvmPlugin)))
[debug] Clause(Atom(org.jetbrains.sbt.StructurePlugin),Set(Atom(sbt.plugins.JvmPlugin)))
[debug] Clause(Atom(org.jetbrains.sbt.IdeaShellPlugin),Set(Atom(sbt.plugins.JvmPlugin)))
[debug] Clause(Atom(sbt.plugins.CorePlugin),Set(Atom(sbt.plugins.IvyPlugin)))
[debug] Clause(Atom(sbt.plugins.IvyPlugin),Set(Atom(sbt.plugins.JvmPlugin)))
[debug] Clause(Atom(sbt.plugins.JvmPlugin),Set(Atom(sbt.plugins.SemanticdbPlugin)))
[debug] Clause(Atom(sbt.plugins.JvmPlugin),Set(Atom(sbt.plugins.JUnitXmlReportPlugin)))
[debug] Clause(Atom(sbt.plugins.CorePlugin),Set(Atom(sbt.plugins.Giter8TemplatePlugin)))
[debug] Clause(Atom(sbt.plugins.JvmPlugin),Set(Atom(sbt.plugins.MiniDependencyTreePlugin)))
[debug] Clause(Atom(sbt.plugins.JvmPlugin),Set(Atom(org.jetbrains.sbt.StructurePlugin)))
[debug] Clause(Atom(sbt.plugins.JvmPlugin),Set(Atom(org.jetbrains.sbt.IdeaShellPlugin))))
[debug]   :: deduced result: Matched(sbt.plugins.CorePlugin,sbt.plugins.Giter8TemplatePlugin,sbt.plugins.IvyPlugin,sbt.plugins.JvmPlugin,sbt.plugins.SemanticdbPlugin,sbt.plugins.JUnitXmlReportPlugin,org.jetbrains.sbt.IdeaShellPlugin,org.jetbrains.sbt.StructurePlugin,sbt.plugins.MiniDependencyTreePlugin)
[debug] Plugins.deducer#function took 2.4853 ms
[info] loading settings for project root from build.sbt ...
[debug]         Load.resolveProject(root) took 31.6278ms
[debug]       Load.loadTransitive: finalizeProject(Project(id root, base: C:\Users\Peter\OneDrive - GLASGOW CALEDONIAN UNIVERSITY\24-25\Programming Paradigms\CW1\CW1, plugins: List(<none>))) took 35.1743ms
[debug] [Loading] Done in C:\Users\Peter\OneDrive - GLASGOW CALEDONIAN UNIVERSITY\24-25\Programming Paradigms\CW1\CW1, returning: (root)
[debug]     Load.loadUnit: loadedProjectsRaw took 2175.9263ms
[debug]     Load.loadUnit: cleanEvalClasses took 40.5343ms
[debug]   Load.loadUnit(file:/C:/Users/Peter/OneDrive%20-%20GLASGOW%20CALEDONIAN%20UNIVERSITY/24-25/Programming%20Paradigms/CW1/CW1/, ...) took 5019.4324ms
[debug] Load.apply: load took 5035.9633ms
[debug] Load.apply: resolveProjects took 0.1545ms
[debug] Load.apply: finalTransforms took 30.6821ms
[debug] Load.apply: config.delegates took 0.4799ms
[debug] Load.apply: Def.make(settings)... took 92.087ms
[debug] Load.apply: structureIndex took 29.7197ms
[debug] Load.apply: mkStreams took 0.0024ms
[info] set current project to CW1 (in build file:/C:/Users/Peter/OneDrive%20-%20GLASGOW%20CALEDONIAN%20UNIVERSITY/24-25/Programming%20Paradigms/CW1/CW1/)
[debug] > Exec(sbtPopOnFailure, None, None)
[debug] > Exec(resumeFromFailure, None, None)
[debug] > Exec(notifyUsersAboutShell, None, None)
[debug] > Exec(iflast shell, None, None)
[debug] > Exec(idea-shell, None, None)
