[debug] > Exec(early(addDefaultCommands), None, None)
[debug] > Exec(addDefaultCommands, None, None)
[debug] > Exec(early(initialize), None, None)
[debug] > Exec(initialize, None, None)
[debug] > Exec(early(addPluginSbtFile="""C:\Users\Peter\AppData\Local\Temp\idea1.sbt"""), None, None)
[debug] > Exec(addPluginSbtFile="""C:\Users\Peter\AppData\Local\Temp\idea1.sbt""", None, None)
[debug] > Exec(boot, None, None)
[debug] > Exec(writeSbtVersion, None, None)
[debug] > Exec(reload, None, None)
[debug] > Exec(sbtStashOnFailure, None, None)
[debug] > Exec(onFailure loadFailed, None, None)
[debug] > Exec(loadp, None, None)
[info] welcome to sbt 1.10.5 (Oracle Corporation Java 22.0.2)
[debug] Load.defaultLoad until apply took 82.9794ms
[debug]           Load.loadUnit: plugins took 75.8394ms
[debug]           Load.loadUnit: defsScala took 0.2655ms
[debug] [Loading] Scanning directory C:\Users\Peter\OneDrive - GLASGOW CALEDONIAN UNIVERSITY\24-25\Programming Paradigms\CW1\CW1\project
[debug]             Load.loadUnit: mkEval took 5.2815ms
[debug] [Loading] Found non-root projects 
[debug] [Loading] Done in C:\Users\Peter\OneDrive - GLASGOW CALEDONIAN UNIVERSITY\24-25\Programming Paradigms\CW1\CW1\project, returning: ()
[debug] deducing auto plugins based on known facts Set(Atom(sbt.plugins.CorePlugin)) and clauses Clauses(Clause(Atom(sbt.plugins.JvmPlugin),Set(Atom(sbt.plugins.IvyPlugin)))
[debug] Clause(Atom(sbt.ScriptedPlugin),Set(Atom(sbt.plugins.JvmPlugin)))
[debug] Clause(Atom(sbt.plugins.SbtPlugin),Set(Atom(sbt.ScriptedPlugin)))
[debug] Clause(Atom(sbt.plugins.SemanticdbPlugin),Set(Atom(sbt.plugins.JvmPlugin)))
[debug] Clause(Atom(sbt.plugins.JUnitXmlReportPlugin),Set(Atom(sbt.plugins.JvmPlugin)))
[debug] Clause(Atom(sbt.plugins.MiniDependencyTreePlugin),Set(Atom(sbt.plugins.JvmPlugin)))
[debug] Clause(Atom(sbt.plugins.CorePlugin),Set(Atom(sbt.plugins.IvyPlugin)))
[debug] Clause(Atom(sbt.plugins.IvyPlugin),Set(Atom(sbt.plugins.JvmPlugin)))
[debug] Clause(Atom(sbt.plugins.JvmPlugin),Set(Atom(sbt.plugins.SemanticdbPlugin)))
[debug] Clause(Atom(sbt.plugins.JvmPlugin),Set(Atom(sbt.plugins.JUnitXmlReportPlugin)))
[debug] Clause(Atom(sbt.plugins.CorePlugin),Set(Atom(sbt.plugins.Giter8TemplatePlugin)))
[debug] Clause(Atom(sbt.plugins.JvmPlugin),Set(Atom(sbt.plugins.MiniDependencyTreePlugin))))
[debug]   :: deduced result: Matched(sbt.plugins.CorePlugin,sbt.plugins.Giter8TemplatePlugin,sbt.plugins.IvyPlugin,sbt.plugins.JvmPlugin,sbt.plugins.MiniDependencyTreePlugin,sbt.plugins.JUnitXmlReportPlugin,sbt.plugins.SemanticdbPlugin)
[debug] Plugins.deducer#function took 12.7486 ms
[info] loading settings for project cw1-build from idea1.sbt ...
[debug]               Load.resolveProject(cw1-build) took 42.4103ms
[debug]             Load.loadTransitive: finalizeProject(Project(id cw1-build, base: C:\Users\Peter\OneDrive - GLASGOW CALEDONIAN UNIVERSITY\24-25\Programming Paradigms\CW1\CW1\project, plugins: List(<none>))) took 71.6651ms
[debug] [Loading] Done in C:\Users\Peter\OneDrive - GLASGOW CALEDONIAN UNIVERSITY\24-25\Programming Paradigms\CW1\CW1\project, returning: (cw1-build)
[debug]           Load.loadUnit: loadedProjectsRaw took 311.3054ms
[debug]           Load.loadUnit: cleanEvalClasses took 9.7821ms
[debug]         Load.loadUnit(file:/C:/Users/Peter/OneDrive%20-%20GLASGOW%20CALEDONIAN%20UNIVERSITY/24-25/Programming%20Paradigms/CW1/CW1/project/, ...) took 402.0539ms
[debug]       Load.apply: load took 507.4619ms
[debug]       Load.apply: resolveProjects took 3.9739ms
[debug]       Load.apply: finalTransforms took 57.1239ms
[debug]       Load.apply: config.delegates took 6.9653ms
[debug]       Load.apply: Def.make(settings)... took 368.4811ms
[debug]       Load.apply: structureIndex took 86.0434ms
[debug]       Load.apply: mkStreams took 1.121ms
[info] loading project definition from C:\Users\Peter\OneDrive - GLASGOW CALEDONIAN UNIVERSITY\24-25\Programming Paradigms\CW1\CW1\project
[debug] Running task... Cancel: Signal, check cycles: false, forcegc: true
[debug]     Load.loadUnit: plugins took 1736.6301ms
[debug]     Load.loadUnit: defsScala took 0.003ms
[debug] [Loading] Scanning directory C:\Users\Peter\OneDrive - GLASGOW CALEDONIAN UNIVERSITY\24-25\Programming Paradigms\CW1\CW1
[debug]       Load.loadUnit: mkEval took 0.349ms
[debug] [Loading] Found root project root w/ remaining 
[debug] deducing auto plugins based on known facts Set(Atom(sbt.plugins.CorePlugin)) and clauses Clauses(Clause(Atom(sbt.plugins.JvmPlugin),Set(Atom(sbt.plugins.IvyPlugin)))
[debug] Clause(Atom(sbt.ScriptedPlugin),Set(Atom(sbt.plugins.JvmPlugin)))
[debug] Clause(Atom(sbt.plugins.SbtPlugin),Set(Atom(sbt.ScriptedPlugin)))
[debug] Clause(Atom(sbt.plugins.SemanticdbPlugin),Set(Atom(sbt.plugins.JvmPlugin)))
[debug] Clause(Atom(sbt.plugins.JUnitXmlReportPlugin),Set(Atom(sbt.plugins.JvmPlugin)))
[debug] Clause(Atom(sbt.plugins.MiniDependencyTreePlugin),Set(Atom(sbt.plugins.JvmPlugin)))
[debug] Clause(Atom(org.jetbrains.sbt.StructurePlugin),Set(Atom(sbt.plugins.JvmPlugin)))
[debug] Clause(Atom(org.jetbrains.sbt.IdeaShellPlugin),Set(Atom(sbt.plugins.JvmPlugin)))
[debug] Clause(Atom(sbt.plugins.CorePlugin),Set(Atom(sbt.plugins.IvyPlugin)))
[debug] Clause(Atom(sbt.plugins.IvyPlugin),Set(Atom(sbt.plugins.JvmPlugin)))
[debug] Clause(Atom(sbt.plugins.JvmPlugin),Set(Atom(sbt.plugins.SemanticdbPlugin)))
[debug] Clause(Atom(sbt.plugins.JvmPlugin),Set(Atom(sbt.plugins.JUnitXmlReportPlugin)))
[debug] Clause(Atom(sbt.plugins.CorePlugin),Set(Atom(sbt.plugins.Giter8TemplatePlugin)))
[debug] Clause(Atom(sbt.plugins.JvmPlugin),Set(Atom(sbt.plugins.MiniDependencyTreePlugin)))
[debug] Clause(Atom(sbt.plugins.JvmPlugin),Set(Atom(org.jetbrains.sbt.StructurePlugin)))
[debug] Clause(Atom(sbt.plugins.JvmPlugin),Set(Atom(org.jetbrains.sbt.IdeaShellPlugin))))
[debug]   :: deduced result: Matched(sbt.plugins.CorePlugin,sbt.plugins.Giter8TemplatePlugin,sbt.plugins.IvyPlugin,sbt.plugins.JvmPlugin,sbt.plugins.SemanticdbPlugin,sbt.plugins.JUnitXmlReportPlugin,org.jetbrains.sbt.IdeaShellPlugin,org.jetbrains.sbt.StructurePlugin,sbt.plugins.MiniDependencyTreePlugin)
[debug] Plugins.deducer#function took 1.9734 ms
[info] loading settings for project root from build.sbt ...
[debug]         Load.resolveProject(root) took 23.2226ms
[debug]       Load.loadTransitive: finalizeProject(Project(id root, base: C:\Users\Peter\OneDrive - GLASGOW CALEDONIAN UNIVERSITY\24-25\Programming Paradigms\CW1\CW1, plugins: List(<none>))) took 26.0457ms
[debug] [Loading] Done in C:\Users\Peter\OneDrive - GLASGOW CALEDONIAN UNIVERSITY\24-25\Programming Paradigms\CW1\CW1, returning: (root)
[debug]     Load.loadUnit: loadedProjectsRaw took 103.8771ms
[debug]     Load.loadUnit: cleanEvalClasses took 19.8124ms
[debug]   Load.loadUnit(file:/C:/Users/Peter/OneDrive%20-%20GLASGOW%20CALEDONIAN%20UNIVERSITY/24-25/Programming%20Paradigms/CW1/CW1/, ...) took 1862.0676ms
[debug] Load.apply: load took 1877.3539ms
[debug] Load.apply: resolveProjects took 0.1109ms
[debug] Load.apply: finalTransforms took 26.8799ms
[debug] Load.apply: config.delegates took 0.4084ms
[debug] Load.apply: Def.make(settings)... took 74.9391ms
[debug] Load.apply: structureIndex took 30.5683ms
[debug] Load.apply: mkStreams took 0.0023ms
[info] set current project to CW1 (in build file:/C:/Users/Peter/OneDrive%20-%20GLASGOW%20CALEDONIAN%20UNIVERSITY/24-25/Programming%20Paradigms/CW1/CW1/)
[debug] > Exec(sbtPopOnFailure, None, None)
[debug] > Exec(resumeFromFailure, None, None)
[debug] > Exec(notifyUsersAboutShell, None, None)
[debug] > Exec(iflast shell, None, None)
[debug] > Exec(idea-shell, None, None)
